# JRE version: Java(TM) SE Runtime Environment (17.0.10+11) (build 17.0.10+11-LTS-240)
# Java VM: Java HotSpot(TM) 64-Bit Server VM (17.0.10+11-LTS-240, mixed mode, sharing, tiered, compressed oops, compressed class ptrs, g1 gc, windows-amd64)
GC Precious Log:
 CPUs: 12 total, 12 available
 Memory: 24277M
 Large Page Support: Disabled
 NUMA Support: Disabled
 Compressed Oops: Enabled (Zero based)
 Heap Region Size: 4M
 Heap Min Capacity: 8M
 Heap Initial Capacity: 380M
 Heap Max Capacity: 6072M
 Pre-touch: Disabled
 Parallel Workers: 10
 Concurrent Workers: 3
 Concurrent Refinement Workers: 10
 Periodic GC: Disabled
Heap:
 garbage-first heap   total 180224K, used 78370K [0x0000000684800000, 0x0000000800000000)
  region size 4096K, 9 young (36864K), 1 survivors (4096K)
 Metaspace       used 51160K, committed 51776K, reserved 1114112K
  class space    used 5996K, committed 6272K, reserved 1048576K
GC Heap History (20 events):
Event: 6.208 GC heap before
{Heap before GC invocations=5 (full 0):
 garbage-first heap   total 81920K, used 50447K [0x0000000684800000, 0x0000000800000000)
  region size 4096K, 12 young (49152K), 4 survivors (16384K)
 Metaspace       used 25419K, committed 25728K, reserved 1114112K
  class space    used 2916K, committed 3072K, reserved 1048576K
}
Event: 6.221 GC heap after
{Heap after GC invocations=6 (full 0):
 garbage-first heap   total 86016K, used 32187K [0x0000000684800000, 0x0000000800000000)
  region size 4096K, 2 young (8192K), 2 survivors (8192K)
 Metaspace       used 25419K, committed 25728K, reserved 1114112K
  class space    used 2916K, committed 3072K, reserved 1048576K
}
Event: 6.231 GC heap before
{Heap before GC invocations=6 (full 0):
 garbage-first heap   total 86016K, used 36283K [0x0000000684800000, 0x0000000800000000)
  region size 4096K, 3 young (12288K), 2 survivors (8192K)
 Metaspace       used 25420K, committed 25728K, reserved 1114112K
  class space    used 2916K, committed 3072K, reserved 1048576K
}
Event: 6.244 GC heap after
{Heap after GC invocations=7 (full 0):
 garbage-first heap   total 86016K, used 37021K [0x0000000684800000, 0x0000000800000000)
  region size 4096K, 1 young (4096K), 1 survivors (4096K)
 Metaspace       used 25420K, committed 25728K, reserved 1114112K
  class space    used 2916K, committed 3072K, reserved 1048576K
}
Event: 6.355 GC heap before
{Heap before GC invocations=7 (full 0):
 garbage-first heap   total 86016K, used 53405K [0x0000000684800000, 0x0000000800000000)
  region size 4096K, 5 young (20480K), 1 survivors (4096K)
 Metaspace       used 25429K, committed 25728K, reserved 1114112K
  class space    used 2916K, committed 3072K, reserved 1048576K
}
Event: 6.359 GC heap after
{Heap after GC invocations=8 (full 0):
 garbage-first heap   total 86016K, used 43033K [0x0000000684800000, 0x0000000800000000)
  region size 4096K, 1 young (4096K), 1 survivors (4096K)
 Metaspace       used 25429K, committed 25728K, reserved 1114112K
  class space    used 2916K, committed 3072K, reserved 1048576K
}
Event: 6.476 GC heap before
{Heap before GC invocations=8 (full 0):
 garbage-first heap   total 86016K, used 55321K [0x0000000684800000, 0x0000000800000000)
  region size 4096K, 4 young (16384K), 1 survivors (4096K)
 Metaspace       used 26026K, committed 26304K, reserved 1114112K
  class space    used 2985K, committed 3136K, reserved 1048576K
}
Event: 6.484 GC heap after
{Heap after GC invocations=9 (full 0):
 garbage-first heap   total 237568K, used 46919K [0x0000000684800000, 0x0000000800000000)
  region size 4096K, 1 young (4096K), 1 survivors (4096K)
 Metaspace       used 26026K, committed 26304K, reserved 1114112K
  class space    used 2985K, committed 3136K, reserved 1048576K
}
Event: 7.420 GC heap before
{Heap before GC invocations=10 (full 0):
 garbage-first heap   total 180224K, used 132935K [0x0000000684800000, 0x0000000800000000)
  region size 4096K, 23 young (94208K), 1 survivors (4096K)
 Metaspace       used 30877K, committed 31232K, reserved 1114112K
  class space    used 3590K, committed 3776K, reserved 1048576K
}
Event: 7.425 GC heap after
{Heap after GC invocations=11 (full 0):
 garbage-first heap   total 180224K, used 53907K [0x0000000684800000, 0x0000000800000000)
  region size 4096K, 3 young (12288K), 3 survivors (12288K)
 Metaspace       used 30877K, committed 31232K, reserved 1114112K
  class space    used 3590K, committed 3776K, reserved 1048576K
}
Event: 7.809 GC heap before
{Heap before GC invocations=11 (full 0):
 garbage-first heap   total 180224K, used 111251K [0x0000000684800000, 0x0000000800000000)
  region size 4096K, 17 young (69632K), 3 survivors (12288K)
 Metaspace       used 32660K, committed 33088K, reserved 1114112K
  class space    used 3772K, committed 3968K, reserved 1048576K
}
Event: 7.813 GC heap after
{Heap after GC invocations=12 (full 0):
 garbage-first heap   total 180224K, used 55576K [0x0000000684800000, 0x0000000800000000)
  region size 4096K, 1 young (4096K), 1 survivors (4096K)
 Metaspace       used 32660K, committed 33088K, reserved 1114112K
  class space    used 3772K, committed 3968K, reserved 1048576K
}
Event: 8.658 GC heap before
{Heap before GC invocations=12 (full 0):
 garbage-first heap   total 180224K, used 112920K [0x0000000684800000, 0x0000000800000000)
  region size 4096K, 16 young (65536K), 1 survivors (4096K)
 Metaspace       used 35686K, committed 36224K, reserved 1114112K
  class space    used 4091K, committed 4352K, reserved 1048576K
}
Event: 8.661 GC heap after
{Heap after GC invocations=13 (full 0):
 garbage-first heap   total 180224K, used 62524K [0x0000000684800000, 0x0000000800000000)
  region size 4096K, 2 young (8192K), 2 survivors (8192K)
 Metaspace       used 35686K, committed 36224K, reserved 1114112K
  class space    used 4091K, committed 4352K, reserved 1048576K
}
Event: 9.161 GC heap before
{Heap before GC invocations=13 (full 0):
 garbage-first heap   total 180224K, used 103484K [0x0000000684800000, 0x0000000800000000)
  region size 4096K, 13 young (53248K), 2 survivors (8192K)
 Metaspace       used 43627K, committed 44096K, reserved 1114112K
  class space    used 5035K, committed 5248K, reserved 1048576K
}
Event: 9.165 GC heap after
{Heap after GC invocations=14 (full 0):
 garbage-first heap   total 180224K, used 66778K [0x0000000684800000, 0x0000000800000000)
  region size 4096K, 1 young (4096K), 1 survivors (4096K)
 Metaspace       used 43627K, committed 44096K, reserved 1114112K
  class space    used 5035K, committed 5248K, reserved 1048576K
}
Event: 11.654 GC heap before
{Heap before GC invocations=15 (full 0):
 garbage-first heap   total 180224K, used 124122K [0x0000000684800000, 0x0000000800000000)
  region size 4096K, 16 young (65536K), 1 survivors (4096K)
 Metaspace       used 48923K, committed 49472K, reserved 1114112K
  class space    used 5637K, committed 5888K, reserved 1048576K
}
Event: 11.656 GC heap after
{Heap after GC invocations=16 (full 0):
 garbage-first heap   total 180224K, used 67702K [0x0000000684800000, 0x0000000800000000)
  region size 4096K, 2 young (8192K), 2 survivors (8192K)
 Metaspace       used 48923K, committed 49472K, reserved 1114112K
  class space    used 5637K, committed 5888K, reserved 1048576K
}
Event: 11.929 GC heap before
{Heap before GC invocations=16 (full 0):
 garbage-first heap   total 180224K, used 71798K [0x0000000684800000, 0x0000000800000000)
  region size 4096K, 3 young (12288K), 2 survivors (8192K)
 Metaspace       used 48923K, committed 49472K, reserved 1114112K
  class space    used 5637K, committed 5888K, reserved 1048576K
}
Event: 11.932 GC heap after
{Heap after GC invocations=17 (full 0):
 garbage-first heap   total 180224K, used 49698K [0x0000000684800000, 0x0000000800000000)
  region size 4096K, 1 young (4096K), 1 survivors (4096K)
 Metaspace       used 48923K, committed 49472K, reserved 1114112K
  class space    used 5637K, committed 5888K, reserved 1048576K
}

